<?xml version="1.0" encoding="UTF-8" ?>
<testsuite tests="4" failures="1" name="TestSuite" time="28.97" errors="0" skipped="2">
  <properties>
[...]
</properties>
  <testcase classname="DriverFactory.AppTest" name="setUP" time="7.125">
    <failure message="session not created: This version of ChromeDriver only supports Chrome version 96
Current browser version is 115.0.5790.171 with binary path C:\Program Files\Google\Chrome\Application\chrome.exe
Build info: version: &apos;3.14.0&apos;, revision: &apos;aacccce0&apos;, time: &apos;2018-08-02T20:19:58.91Z&apos;
System info: host: &apos;SHIVA007&apos;, ip: &apos;192.168.29.99&apos;, os.name: &apos;Windows 10&apos;, os.arch: &apos;amd64&apos;, os.version: &apos;10.0&apos;, java.version: &apos;1.8.0_121&apos;
Driver info: driver.version: ChromeDriver
remote stacktrace: Backtrace:
	Ordinal0 [0x00C46903+2517251]
	Ordinal0 [0x00BDF8E1+2095329]
	Ordinal0 [0x00AE2848+1058888]
	Ordinal0 [0x00B00B9D+1182621]
	Ordinal0 [0x00AFCA60+1165920]
	Ordinal0 [0x00AFA2CF+1155791]
	Ordinal0 [0x00B2AAAF+1354415]
	Ordinal0 [0x00B2A71A+1353498]
	Ordinal0 [0x00B2639B+1336219]
	Ordinal0 [0x00B027A7+1189799]
	Ordinal0 [0x00B03609+1193481]
	GetHandleVerifier [0x00DD5904+1577972]
	GetHandleVerifier [0x00E80B97+2279047]
	GetHandleVerifier [0x00CD6D09+534521]
	GetHandleVerifier [0x00CD5DB9+530601]
	Ordinal0 [0x00BE4FF9+2117625]
	Ordinal0 [0x00BE98A8+2136232]
	Ordinal0 [0x00BE99E2+2136546]
	Ordinal0 [0x00BF3541+2176321]
	BaseThreadInitThunk [0x751000C9+25]
	RtlGetAppContainerNamedObjectPath [0x77207B1E+286]
	RtlGetAppContainerNamedObjectPath [0x77207AEE+238]
" type="org.openqa.selenium.SessionNotCreatedException">org.openqa.selenium.SessionNotCreatedException: session not created: This version of ChromeDriver only supports Chrome version 96
Current browser version is 115.0.5790.171 with binary path C:\Program Files\Google\Chrome\Application\chrome.exe
Build info: version: &apos;3.14.0&apos;, revision: &apos;aacccce0&apos;, time: &apos;2018-08-02T20:19:58.91Z&apos;
System info: host: &apos;SHIVA007&apos;, ip: &apos;192.168.29.99&apos;, os.name: &apos;Windows 10&apos;, os.arch: &apos;amd64&apos;, os.version: &apos;10.0&apos;, java.version: &apos;1.8.0_121&apos;
Driver info: driver.version: ChromeDriver
remote stacktrace: Backtrace:
	Ordinal0 [0x00C46903+2517251]
	Ordinal0 [0x00BDF8E1+2095329]
	Ordinal0 [0x00AE2848+1058888]
	Ordinal0 [0x00B00B9D+1182621]
	Ordinal0 [0x00AFCA60+1165920]
	Ordinal0 [0x00AFA2CF+1155791]
	Ordinal0 [0x00B2AAAF+1354415]
	Ordinal0 [0x00B2A71A+1353498]
	Ordinal0 [0x00B2639B+1336219]
	Ordinal0 [0x00B027A7+1189799]
	Ordinal0 [0x00B03609+1193481]
	GetHandleVerifier [0x00DD5904+1577972]
	GetHandleVerifier [0x00E80B97+2279047]
	GetHandleVerifier [0x00CD6D09+534521]
	GetHandleVerifier [0x00CD5DB9+530601]
	Ordinal0 [0x00BE4FF9+2117625]
	Ordinal0 [0x00BE98A8+2136232]
	Ordinal0 [0x00BE99E2+2136546]
	Ordinal0 [0x00BF3541+2176321]
	BaseThreadInitThunk [0x751000C9+25]
	RtlGetAppContainerNamedObjectPath [0x77207B1E+286]
	RtlGetAppContainerNamedObjectPath [0x77207AEE+238]

	at sun.reflect.NativeConstructorAccessorImpl.newInstance0(Native Method)
	at sun.reflect.NativeConstructorAccessorImpl.newInstance(NativeConstructorAccessorImpl.java:62)
	at sun.reflect.DelegatingConstructorAccessorImpl.newInstance(DelegatingConstructorAccessorImpl.java:45)
	at java.lang.reflect.Constructor.newInstance(Constructor.java:423)
	at org.openqa.selenium.remote.W3CHandshakeResponse.lambda$new$0(W3CHandshakeResponse.java:57)
	at org.openqa.selenium.remote.W3CHandshakeResponse.lambda$getResponseFunction$2(W3CHandshakeResponse.java:104)
	at org.openqa.selenium.remote.ProtocolHandshake.lambda$createSession$0(ProtocolHandshake.java:122)
	at java.util.stream.ReferencePipeline$3$1.accept(ReferencePipeline.java:193)
	at java.util.Spliterators$ArraySpliterator.tryAdvance(Spliterators.java:958)
	at java.util.stream.ReferencePipeline.forEachWithCancel(ReferencePipeline.java:126)
	at java.util.stream.AbstractPipeline.copyIntoWithCancel(AbstractPipeline.java:498)
	at java.util.stream.AbstractPipeline.copyInto(AbstractPipeline.java:485)
	at java.util.stream.AbstractPipeline.wrapAndCopyInto(AbstractPipeline.java:471)
	at java.util.stream.FindOps$FindOp.evaluateSequential(FindOps.java:152)
	at java.util.stream.AbstractPipeline.evaluate(AbstractPipeline.java:234)
	at java.util.stream.ReferencePipeline.findFirst(ReferencePipeline.java:464)
	at org.openqa.selenium.remote.ProtocolHandshake.createSession(ProtocolHandshake.java:125)
	at org.openqa.selenium.remote.ProtocolHandshake.createSession(ProtocolHandshake.java:73)
	at org.openqa.selenium.remote.HttpCommandExecutor.execute(HttpCommandExecutor.java:136)
	at org.openqa.selenium.remote.service.DriverCommandExecutor.execute(DriverCommandExecutor.java:83)
	at org.openqa.selenium.remote.RemoteWebDriver.execute(RemoteWebDriver.java:548)
	at org.openqa.selenium.remote.RemoteWebDriver.startSession(RemoteWebDriver.java:212)
	at org.openqa.selenium.remote.RemoteWebDriver.&lt;init&gt;(RemoteWebDriver.java:130)
	at org.openqa.selenium.chrome.ChromeDriver.&lt;init&gt;(ChromeDriver.java:181)
	at org.openqa.selenium.chrome.ChromeDriver.&lt;init&gt;(ChromeDriver.java:168)
	at org.openqa.selenium.chrome.ChromeDriver.&lt;init&gt;(ChromeDriver.java:123)
	at DriverFactory.AppTest.setUP(AppTest.java:30)
</failure>
    <system-out>Configuring TestNG with: org.apache.maven.surefire.testng.conf.TestNG652Configurator@3caeaf62
</system-out>
    <system-err>Starting ChromeDriver 96.0.4664.45 (76e4c1bb2ab4671b8beba3444e61c0f17584b2fc-refs/branch-heads/4664@{#947}) on port 21694
Only local connections are allowed.
Please see https://chromedriver.chromium.org/security-considerations for suggestions on keeping ChromeDriver safe.
ChromeDriver was started successfully.
</system-err>
  </testcase>
  <testcase classname="DriverFactory.AppTest" name="verifyLogin" time="7.149">
    <skipped/>
  </testcase>
  <testcase classname="DriverFactory.AppTest" name="tearDown" time="7.157">
    <skipped/>
  </testcase>
  <testcase classname="qedge.AppTest" name="testApp on testApp(qedge.AppTest)" time="7.539"/>
</testsuite>